<?xml version="1.0" encoding="UTF-8"?>
<testsuite name="main.UserManagerTest" tests="2" skipped="0" failures="0" errors="0" timestamp="2024-09-29T19:02:02" hostname="DESKTOP-4J57K3Q" time="0.105">
  <properties/>
  <testcase name="createUser_withUnusedEmail_createsUserSuccessfully()" classname="main.UserManagerTest" time="0.1"/>
  <testcase name="createUser_withEmailInUse_throwsUserExistsException()" classname="main.UserManagerTest" time="0.005"/>
  <system-out><![CDATA[]]></system-out>
  <system-err><![CDATA[]]></system-err>
</testsuite>
